{
    "StackEvents": [
        {
            "StackId": "arn:aws:cloudformation:us-east-1:550295503037:stack/kash3-kashishop-core/bb769490-4099-11f0-8b08-0e98b891b35b",
            "EventId": "1241aa80-409a-11f0-933c-0affed17c77f",
            "StackName": "kash3-kashishop-core",
            "LogicalResourceId": "kash3-kashishop-core",
            "PhysicalResourceId": "arn:aws:cloudformation:us-east-1:550295503037:stack/kash3-kashishop-core/bb769490-4099-11f0-8b08-0e98b891b35b",
            "ResourceType": "AWS::CloudFormation::Stack",
            "Timestamp": "2025-06-03T16:44:52.383000+00:00",
            "ResourceStatus": "ROLLBACK_COMPLETE"
        },
        {
            "StackId": "arn:aws:cloudformation:us-east-1:550295503037:stack/kash3-kashishop-core/bb769490-4099-11f0-8b08-0e98b891b35b",
            "EventId": "CognitoUserPool-DELETE_COMPLETE-2025-06-03T16:44:52.052Z",
            "StackName": "kash3-kashishop-core",
            "LogicalResourceId": "CognitoUserPool",
            "PhysicalResourceId": "",
            "ResourceType": "AWS::Cognito::UserPool",
            "Timestamp": "2025-06-03T16:44:52.052000+00:00",
            "ResourceStatus": "DELETE_COMPLETE",
            "ResourceProperties": "{\"UserPoolTags\":{},\"Policies\":{\"PasswordPolicy\":{\"RequireNumbers\":\"true\",\"MinimumLength\":\"8\",\"TemporaryPasswordValidityDays\":\"7\",\"RequireUppercase\":\"true\",\"RequireLowercase\":\"true\",\"RequireSymbols\":\"true\"}},\"MfaConfiguration\":\"false\",\"Schema\":[{\"Mutable\":\"false\",\"AttributeDataType\":\"String\",\"Required\":\"true\",\"Name\":\"sub\"},{\"Mutable\":\"true\",\"AttributeDataType\":\"String\",\"Required\":\"true\",\"Name\":\"email\"},{\"Mutable\":\"true\",\"AttributeDataType\":\"String\",\"Required\":\"true\",\"Name\":\"phone_number\"},{\"Mutable\":\"true\",\"AttributeDataType\":\"String\",\"Required\":\"true\",\"Name\":\"address\"}],\"AutoVerifiedAttributes\":[\"email\"],\"UsernameAttributes\":[\"email\"],\"UserPoolName\":\"kash3-Kashishop\"}"
        },
        {
            "StackId": "arn:aws:cloudformation:us-east-1:550295503037:stack/kash3-kashishop-core/bb769490-4099-11f0-8b08-0e98b891b35b",
            "EventId": "FrontendBucket-DELETE_SKIPPED-2025-06-03T16:42:39.930Z",
            "StackName": "kash3-kashishop-core",
            "LogicalResourceId": "FrontendBucket",
            "PhysicalResourceId": "kash3-kashishop-frontend",
            "ResourceType": "AWS::S3::Bucket",
            "Timestamp": "2025-06-03T16:42:39.930000+00:00",
            "ResourceStatus": "DELETE_SKIPPED",
            "ResourceProperties": "{\"BucketName\":\"kash3-kashishop-frontend\",\"WebsiteConfiguration\":{\"IndexDocument\":\"index.html\",\"ErrorDocument\":\"error.html\"},\"AccessControl\":\"PublicRead\"}"
        },
        {
            "StackId": "arn:aws:cloudformation:us-east-1:550295503037:stack/kash3-kashishop-core/bb769490-4099-11f0-8b08-0e98b891b35b",
            "EventId": "UsersTable-DELETE_SKIPPED-2025-06-03T16:42:39.867Z",
            "StackName": "kash3-kashishop-core",
            "LogicalResourceId": "UsersTable",
            "PhysicalResourceId": "",
            "ResourceType": "AWS::DynamoDB::Table",
            "Timestamp": "2025-06-03T16:42:39.867000+00:00",
            "ResourceStatus": "DELETE_SKIPPED",
            "ResourceProperties": "{\"TableName\":\"kash3-Users\",\"SSESpecification\":{\"SSEEnabled\":\"true\"},\"AttributeDefinitions\":[{\"AttributeType\":\"S\",\"AttributeName\":\"username\"},{\"AttributeType\":\"S\",\"AttributeName\":\"userID\"}],\"BillingMode\":\"PAY_PER_REQUEST\",\"KeySchema\":[{\"KeyType\":\"HASH\",\"AttributeName\":\"username\"}]}"
        },
        {
            "StackId": "arn:aws:cloudformation:us-east-1:550295503037:stack/kash3-kashishop-core/bb769490-4099-11f0-8b08-0e98b891b35b",
            "EventId": "TransactionHistoryTable-DELETE_SKIPPED-2025-06-03T16:42:39.743Z",
            "StackName": "kash3-kashishop-core",
            "LogicalResourceId": "TransactionHistoryTable",
            "PhysicalResourceId": "kash3-TransactionHistory",
            "ResourceType": "AWS::DynamoDB::Table",
            "Timestamp": "2025-06-03T16:42:39.743000+00:00",
            "ResourceStatus": "DELETE_SKIPPED",
            "ResourceProperties": "{\"TableName\":\"kash3-TransactionHistory\",\"SSESpecification\":{\"SSEEnabled\":\"true\"},\"AttributeDefinitions\":[{\"AttributeType\":\"S\",\"AttributeName\":\"transactionID\"},{\"AttributeType\":\"S\",\"AttributeName\":\"buyerID\"},{\"AttributeType\":\"S\",\"AttributeName\":\"sellerID\"}],\"BillingMode\":\"PAY_PER_REQUEST\",\"GlobalSecondaryIndexes\":[{\"IndexName\":\"buyerID-index\",\"Projection\":{\"ProjectionType\":\"ALL\"},\"KeySchema\":[{\"KeyType\":\"HASH\",\"AttributeName\":\"buyerID\"}]},{\"IndexName\":\"sellerID-index\",\"Projection\":{\"ProjectionType\":\"ALL\"},\"KeySchema\":[{\"KeyType\":\"HASH\",\"AttributeName\":\"sellerID\"}]}],\"KeySchema\":[{\"KeyType\":\"HASH\",\"AttributeName\":\"transactionID\"}]}"
        },
        {
            "StackId": "arn:aws:cloudformation:us-east-1:550295503037:stack/kash3-kashishop-core/bb769490-4099-11f0-8b08-0e98b891b35b",
            "EventId": "ItemsTable-DELETE_SKIPPED-2025-06-03T16:42:39.743Z",
            "StackName": "kash3-kashishop-core",
            "LogicalResourceId": "ItemsTable",
            "PhysicalResourceId": "kash3-Items",
            "ResourceType": "AWS::DynamoDB::Table",
            "Timestamp": "2025-06-03T16:42:39.743000+00:00",
            "ResourceStatus": "DELETE_SKIPPED",
            "ResourceProperties": "{\"TableName\":\"kash3-Items\",\"SSESpecification\":{\"SSEEnabled\":\"true\"},\"AttributeDefinitions\":[{\"AttributeType\":\"S\",\"AttributeName\":\"itemID\"},{\"AttributeType\":\"S\",\"AttributeName\":\"seller\"},{\"AttributeType\":\"S\",\"AttributeName\":\"creationDate\"}],\"BillingMode\":\"PAY_PER_REQUEST\",\"GlobalSecondaryIndexes\":[{\"IndexName\":\"seller-creationDate-index\",\"Projection\":{\"ProjectionType\":\"ALL\"},\"KeySchema\":[{\"KeyType\":\"HASH\",\"AttributeName\":\"seller\"},{\"KeyType\":\"RANGE\",\"AttributeName\":\"creationDate\"}]}],\"KeySchema\":[{\"KeyType\":\"HASH\",\"AttributeName\":\"itemID\"}]}"
        },
        {
            "StackId": "arn:aws:cloudformation:us-east-1:550295503037:stack/kash3-kashishop-core/bb769490-4099-11f0-8b08-0e98b891b35b",
            "EventId": "c1ef8840-4099-11f0-a685-0e7cb26ba367",
            "StackName": "kash3-kashishop-core",
            "LogicalResourceId": "kash3-kashishop-core",
            "PhysicalResourceId": "arn:aws:cloudformation:us-east-1:550295503037:stack/kash3-kashishop-core/bb769490-4099-11f0-8b08-0e98b891b35b",
            "ResourceType": "AWS::CloudFormation::Stack",
            "Timestamp": "2025-06-03T16:42:37.625000+00:00",
            "ResourceStatus": "ROLLBACK_IN_PROGRESS",
            "ResourceStatusReason": "The following resource(s) failed to create: [ItemsTable, UsersTable, TransactionHistoryTable, CognitoUserPool, FrontendBucket]. Rollback requested by user."
        },
        {
            "StackId": "arn:aws:cloudformation:us-east-1:550295503037:stack/kash3-kashishop-core/bb769490-4099-11f0-8b08-0e98b891b35b",
            "EventId": "ItemsTable-CREATE_FAILED-2025-06-03T16:42:37.271Z",
            "StackName": "kash3-kashishop-core",
            "LogicalResourceId": "ItemsTable",
            "PhysicalResourceId": "kash3-Items",
            "ResourceType": "AWS::DynamoDB::Table",
            "Timestamp": "2025-06-03T16:42:37.271000+00:00",
            "ResourceStatus": "CREATE_FAILED",
            "ResourceStatusReason": "Resource creation cancelled",
            "ResourceProperties": "{\"TableName\":\"kash3-Items\",\"SSESpecification\":{\"SSEEnabled\":\"true\"},\"AttributeDefinitions\":[{\"AttributeType\":\"S\",\"AttributeName\":\"itemID\"},{\"AttributeType\":\"S\",\"AttributeName\":\"seller\"},{\"AttributeType\":\"S\",\"AttributeName\":\"creationDate\"}],\"BillingMode\":\"PAY_PER_REQUEST\",\"GlobalSecondaryIndexes\":[{\"IndexName\":\"seller-creationDate-index\",\"Projection\":{\"ProjectionType\":\"ALL\"},\"KeySchema\":[{\"KeyType\":\"HASH\",\"AttributeName\":\"seller\"},{\"KeyType\":\"RANGE\",\"AttributeName\":\"creationDate\"}]}],\"KeySchema\":[{\"KeyType\":\"HASH\",\"AttributeName\":\"itemID\"}]}"
        },
        {
            "StackId": "arn:aws:cloudformation:us-east-1:550295503037:stack/kash3-kashishop-core/bb769490-4099-11f0-8b08-0e98b891b35b",
            "EventId": "TransactionHistoryTable-CREATE_FAILED-2025-06-03T16:42:37.246Z",
            "StackName": "kash3-kashishop-core",
            "LogicalResourceId": "TransactionHistoryTable",
            "PhysicalResourceId": "kash3-TransactionHistory",
            "ResourceType": "AWS::DynamoDB::Table",
            "Timestamp": "2025-06-03T16:42:37.246000+00:00",
            "ResourceStatus": "CREATE_FAILED",
            "ResourceStatusReason": "Resource creation cancelled",
            "ResourceProperties": "{\"TableName\":\"kash3-TransactionHistory\",\"SSESpecification\":{\"SSEEnabled\":\"true\"},\"AttributeDefinitions\":[{\"AttributeType\":\"S\",\"AttributeName\":\"transactionID\"},{\"AttributeType\":\"S\",\"AttributeName\":\"buyerID\"},{\"AttributeType\":\"S\",\"AttributeName\":\"sellerID\"}],\"BillingMode\":\"PAY_PER_REQUEST\",\"GlobalSecondaryIndexes\":[{\"IndexName\":\"buyerID-index\",\"Projection\":{\"ProjectionType\":\"ALL\"},\"KeySchema\":[{\"KeyType\":\"HASH\",\"AttributeName\":\"buyerID\"}]},{\"IndexName\":\"sellerID-index\",\"Projection\":{\"ProjectionType\":\"ALL\"},\"KeySchema\":[{\"KeyType\":\"HASH\",\"AttributeName\":\"sellerID\"}]}],\"KeySchema\":[{\"KeyType\":\"HASH\",\"AttributeName\":\"transactionID\"}]}"
        },
        {
            "StackId": "arn:aws:cloudformation:us-east-1:550295503037:stack/kash3-kashishop-core/bb769490-4099-11f0-8b08-0e98b891b35b",
            "EventId": "FrontendBucket-CREATE_FAILED-2025-06-03T16:42:37.062Z",
            "StackName": "kash3-kashishop-core",
            "LogicalResourceId": "FrontendBucket",
            "PhysicalResourceId": "kash3-kashishop-frontend",
            "ResourceType": "AWS::S3::Bucket",
            "Timestamp": "2025-06-03T16:42:37.062000+00:00",
            "ResourceStatus": "CREATE_FAILED",
            "ResourceStatusReason": "Resource creation cancelled",
            "ResourceProperties": "{\"BucketName\":\"kash3-kashishop-frontend\",\"WebsiteConfiguration\":{\"IndexDocument\":\"index.html\",\"ErrorDocument\":\"error.html\"},\"AccessControl\":\"PublicRead\"}"
        },
        {
            "StackId": "arn:aws:cloudformation:us-east-1:550295503037:stack/kash3-kashishop-core/bb769490-4099-11f0-8b08-0e98b891b35b",
            "EventId": "UsersTable-CREATE_FAILED-2025-06-03T16:42:36.932Z",
            "StackName": "kash3-kashishop-core",
            "LogicalResourceId": "UsersTable",
            "PhysicalResourceId": "",
            "ResourceType": "AWS::DynamoDB::Table",
            "Timestamp": "2025-06-03T16:42:36.932000+00:00",
            "ResourceStatus": "CREATE_FAILED",
            "ResourceStatusReason": "Resource handler returned message: \"Number of attributes in KeySchema does not exactly match number of attributes defined in AttributeDefinitions\" (RequestToken: fa653809-cf3c-7ee0-3abd-9c306332995a, HandlerErrorCode: InvalidRequest)",
            "ResourceProperties": "{\"TableName\":\"kash3-Users\",\"SSESpecification\":{\"SSEEnabled\":\"true\"},\"AttributeDefinitions\":[{\"AttributeType\":\"S\",\"AttributeName\":\"username\"},{\"AttributeType\":\"S\",\"AttributeName\":\"userID\"}],\"BillingMode\":\"PAY_PER_REQUEST\",\"KeySchema\":[{\"KeyType\":\"HASH\",\"AttributeName\":\"username\"}]}"
        },
        {
            "StackId": "arn:aws:cloudformation:us-east-1:550295503037:stack/kash3-kashishop-core/bb769490-4099-11f0-8b08-0e98b891b35b",
            "EventId": "CognitoUserPool-CREATE_FAILED-2025-06-03T16:42:36.659Z",
            "StackName": "kash3-kashishop-core",
            "LogicalResourceId": "CognitoUserPool",
            "PhysicalResourceId": "",
            "ResourceType": "AWS::Cognito::UserPool",
            "Timestamp": "2025-06-03T16:42:36.659000+00:00",
            "ResourceStatus": "CREATE_FAILED",
            "ResourceStatusReason": "Resource handler returned message: \"1 validation error detected: Value 'false' at 'mfaConfiguration' failed to satisfy constraint: Member must satisfy enum value set: [OPTIONAL, OFF, ON] (Service: CognitoIdentityProvider, Status Code: 400, Request ID: e381d46b-6576-47fe-8273-baf1ebae0d02) (SDK Attempt Count: 1)\" (RequestToken: c37782cf-61b3-2276-8446-50913dc936c2, HandlerErrorCode: InvalidRequest)",
            "ResourceProperties": "{\"UserPoolTags\":{},\"Policies\":{\"PasswordPolicy\":{\"RequireNumbers\":\"true\",\"MinimumLength\":\"8\",\"TemporaryPasswordValidityDays\":\"7\",\"RequireUppercase\":\"true\",\"RequireLowercase\":\"true\",\"RequireSymbols\":\"true\"}},\"MfaConfiguration\":\"false\",\"Schema\":[{\"Mutable\":\"false\",\"AttributeDataType\":\"String\",\"Required\":\"true\",\"Name\":\"sub\"},{\"Mutable\":\"true\",\"AttributeDataType\":\"String\",\"Required\":\"true\",\"Name\":\"email\"},{\"Mutable\":\"true\",\"AttributeDataType\":\"String\",\"Required\":\"true\",\"Name\":\"phone_number\"},{\"Mutable\":\"true\",\"AttributeDataType\":\"String\",\"Required\":\"true\",\"Name\":\"address\"}],\"AutoVerifiedAttributes\":[\"email\"],\"UsernameAttributes\":[\"email\"],\"UserPoolName\":\"kash3-Kashishop\"}"
        },
        {
            "StackId": "arn:aws:cloudformation:us-east-1:550295503037:stack/kash3-kashishop-core/bb769490-4099-11f0-8b08-0e98b891b35b",
            "EventId": "ItemsTable-CREATE_IN_PROGRESS-2025-06-03T16:42:35.745Z",
            "StackName": "kash3-kashishop-core",
            "LogicalResourceId": "ItemsTable",
            "PhysicalResourceId": "",
            "ResourceType": "AWS::DynamoDB::Table",
            "Timestamp": "2025-06-03T16:42:35.745000+00:00",
            "ResourceStatus": "CREATE_IN_PROGRESS",
            "ResourceProperties": "{\"TableName\":\"kash3-Items\",\"SSESpecification\":{\"SSEEnabled\":\"true\"},\"AttributeDefinitions\":[{\"AttributeType\":\"S\",\"AttributeName\":\"itemID\"},{\"AttributeType\":\"S\",\"AttributeName\":\"seller\"},{\"AttributeType\":\"S\",\"AttributeName\":\"creationDate\"}],\"BillingMode\":\"PAY_PER_REQUEST\",\"GlobalSecondaryIndexes\":[{\"IndexName\":\"seller-creationDate-index\",\"Projection\":{\"ProjectionType\":\"ALL\"},\"KeySchema\":[{\"KeyType\":\"HASH\",\"AttributeName\":\"seller\"},{\"KeyType\":\"RANGE\",\"AttributeName\":\"creationDate\"}]}],\"KeySchema\":[{\"KeyType\":\"HASH\",\"AttributeName\":\"itemID\"}]}"
        },
        {
            "StackId": "arn:aws:cloudformation:us-east-1:550295503037:stack/kash3-kashishop-core/bb769490-4099-11f0-8b08-0e98b891b35b",
            "EventId": "CognitoUserPool-CREATE_IN_PROGRESS-2025-06-03T16:42:35.742Z",
            "StackName": "kash3-kashishop-core",
            "LogicalResourceId": "CognitoUserPool",
            "PhysicalResourceId": "",
            "ResourceType": "AWS::Cognito::UserPool",
            "Timestamp": "2025-06-03T16:42:35.742000+00:00",
            "ResourceStatus": "CREATE_IN_PROGRESS",
            "ResourceProperties": "{\"UserPoolTags\":{},\"Policies\":{\"PasswordPolicy\":{\"RequireNumbers\":\"true\",\"MinimumLength\":\"8\",\"TemporaryPasswordValidityDays\":\"7\",\"RequireUppercase\":\"true\",\"RequireLowercase\":\"true\",\"RequireSymbols\":\"true\"}},\"MfaConfiguration\":\"false\",\"Schema\":[{\"Mutable\":\"false\",\"AttributeDataType\":\"String\",\"Required\":\"true\",\"Name\":\"sub\"},{\"Mutable\":\"true\",\"AttributeDataType\":\"String\",\"Required\":\"true\",\"Name\":\"email\"},{\"Mutable\":\"true\",\"AttributeDataType\":\"String\",\"Required\":\"true\",\"Name\":\"phone_number\"},{\"Mutable\":\"true\",\"AttributeDataType\":\"String\",\"Required\":\"true\",\"Name\":\"address\"}],\"AutoVerifiedAttributes\":[\"email\"],\"UsernameAttributes\":[\"email\"],\"UserPoolName\":\"kash3-Kashishop\"}"
        },
        {
            "StackId": "arn:aws:cloudformation:us-east-1:550295503037:stack/kash3-kashishop-core/bb769490-4099-11f0-8b08-0e98b891b35b",
            "EventId": "TransactionHistoryTable-CREATE_IN_PROGRESS-2025-06-03T16:42:35.727Z",
            "StackName": "kash3-kashishop-core",
            "LogicalResourceId": "TransactionHistoryTable",
            "PhysicalResourceId": "",
            "ResourceType": "AWS::DynamoDB::Table",
            "Timestamp": "2025-06-03T16:42:35.727000+00:00",
            "ResourceStatus": "CREATE_IN_PROGRESS",
            "ResourceProperties": "{\"TableName\":\"kash3-TransactionHistory\",\"SSESpecification\":{\"SSEEnabled\":\"true\"},\"AttributeDefinitions\":[{\"AttributeType\":\"S\",\"AttributeName\":\"transactionID\"},{\"AttributeType\":\"S\",\"AttributeName\":\"buyerID\"},{\"AttributeType\":\"S\",\"AttributeName\":\"sellerID\"}],\"BillingMode\":\"PAY_PER_REQUEST\",\"GlobalSecondaryIndexes\":[{\"IndexName\":\"buyerID-index\",\"Projection\":{\"ProjectionType\":\"ALL\"},\"KeySchema\":[{\"KeyType\":\"HASH\",\"AttributeName\":\"buyerID\"}]},{\"IndexName\":\"sellerID-index\",\"Projection\":{\"ProjectionType\":\"ALL\"},\"KeySchema\":[{\"KeyType\":\"HASH\",\"AttributeName\":\"sellerID\"}]}],\"KeySchema\":[{\"KeyType\":\"HASH\",\"AttributeName\":\"transactionID\"}]}"
        },
        {
            "StackId": "arn:aws:cloudformation:us-east-1:550295503037:stack/kash3-kashishop-core/bb769490-4099-11f0-8b08-0e98b891b35b",
            "EventId": "FrontendBucket-CREATE_IN_PROGRESS-2025-06-03T16:42:35.705Z",
            "StackName": "kash3-kashishop-core",
            "LogicalResourceId": "FrontendBucket",
            "PhysicalResourceId": "",
            "ResourceType": "AWS::S3::Bucket",
            "Timestamp": "2025-06-03T16:42:35.705000+00:00",
            "ResourceStatus": "CREATE_IN_PROGRESS",
            "ResourceProperties": "{\"BucketName\":\"kash3-kashishop-frontend\",\"WebsiteConfiguration\":{\"IndexDocument\":\"index.html\",\"ErrorDocument\":\"error.html\"},\"AccessControl\":\"PublicRead\"}"
        },
        {
            "StackId": "arn:aws:cloudformation:us-east-1:550295503037:stack/kash3-kashishop-core/bb769490-4099-11f0-8b08-0e98b891b35b",
            "EventId": "UsersTable-CREATE_IN_PROGRESS-2025-06-03T16:42:35.704Z",
            "StackName": "kash3-kashishop-core",
            "LogicalResourceId": "UsersTable",
            "PhysicalResourceId": "",
            "ResourceType": "AWS::DynamoDB::Table",
            "Timestamp": "2025-06-03T16:42:35.704000+00:00",
            "ResourceStatus": "CREATE_IN_PROGRESS",
            "ResourceProperties": "{\"TableName\":\"kash3-Users\",\"SSESpecification\":{\"SSEEnabled\":\"true\"},\"AttributeDefinitions\":[{\"AttributeType\":\"S\",\"AttributeName\":\"username\"},{\"AttributeType\":\"S\",\"AttributeName\":\"userID\"}],\"BillingMode\":\"PAY_PER_REQUEST\",\"KeySchema\":[{\"KeyType\":\"HASH\",\"AttributeName\":\"username\"}]}"
        },
        {
            "StackId": "arn:aws:cloudformation:us-east-1:550295503037:stack/kash3-kashishop-core/bb769490-4099-11f0-8b08-0e98b891b35b",
            "EventId": "bf53f5d0-4099-11f0-a8c1-0ef804526771",
            "StackName": "kash3-kashishop-core",
            "LogicalResourceId": "kash3-kashishop-core",
            "PhysicalResourceId": "arn:aws:cloudformation:us-east-1:550295503037:stack/kash3-kashishop-core/bb769490-4099-11f0-8b08-0e98b891b35b",
            "ResourceType": "AWS::CloudFormation::Stack",
            "Timestamp": "2025-06-03T16:42:33.239000+00:00",
            "ResourceStatus": "CREATE_IN_PROGRESS",
            "ResourceStatusReason": "User Initiated"
        },
        {
            "StackId": "arn:aws:cloudformation:us-east-1:550295503037:stack/kash3-kashishop-core/bb769490-4099-11f0-8b08-0e98b891b35b",
            "EventId": "bb75f850-4099-11f0-8b08-0e98b891b35b",
            "StackName": "kash3-kashishop-core",
            "LogicalResourceId": "kash3-kashishop-core",
            "PhysicalResourceId": "arn:aws:cloudformation:us-east-1:550295503037:stack/kash3-kashishop-core/bb769490-4099-11f0-8b08-0e98b891b35b",
            "ResourceType": "AWS::CloudFormation::Stack",
            "Timestamp": "2025-06-03T16:42:26.878000+00:00",
            "ResourceStatus": "REVIEW_IN_PROGRESS",
            "ResourceStatusReason": "User Initiated"
        }
    ]
}
