{
    "StackEvents": [
        {
            "StackId": "arn:aws:cloudformation:us-east-1:550295503037:stack/kash5-kashishop-core/092d3980-409c-11f0-ac51-0afffb57140d",
            "EventId": "1291b460-409c-11f0-923f-12d9584b067b",
            "StackName": "kash5-kashishop-core",
            "LogicalResourceId": "kash5-kashishop-core",
            "PhysicalResourceId": "arn:aws:cloudformation:us-east-1:550295503037:stack/kash5-kashishop-core/092d3980-409c-11f0-ac51-0afffb57140d",
            "ResourceType": "AWS::CloudFormation::Stack",
            "Timestamp": "2025-06-03T16:59:11.896000+00:00",
            "ResourceStatus": "ROLLBACK_COMPLETE"
        },
        {
            "StackId": "arn:aws:cloudformation:us-east-1:550295503037:stack/kash5-kashishop-core/092d3980-409c-11f0-ac51-0afffb57140d",
            "EventId": "CognitoUserPool-DELETE_COMPLETE-2025-06-03T16:59:11.555Z",
            "StackName": "kash5-kashishop-core",
            "LogicalResourceId": "CognitoUserPool",
            "PhysicalResourceId": "us-east-1_5NBJ0TjaY",
            "ResourceType": "AWS::Cognito::UserPool",
            "Timestamp": "2025-06-03T16:59:11.555000+00:00",
            "ResourceStatus": "DELETE_COMPLETE",
            "ResourceProperties": "{\"UserPoolTags\":{},\"Policies\":{\"PasswordPolicy\":{\"RequireNumbers\":\"true\",\"MinimumLength\":\"8\",\"TemporaryPasswordValidityDays\":\"7\",\"RequireUppercase\":\"true\",\"RequireLowercase\":\"true\",\"RequireSymbols\":\"true\"}},\"MfaConfiguration\":\"OFF\",\"Schema\":[{\"Mutable\":\"false\",\"AttributeDataType\":\"String\",\"Required\":\"true\",\"Name\":\"sub\"},{\"Mutable\":\"true\",\"AttributeDataType\":\"String\",\"Required\":\"true\",\"Name\":\"email\"},{\"Mutable\":\"true\",\"AttributeDataType\":\"String\",\"Required\":\"true\",\"Name\":\"phone_number\"},{\"Mutable\":\"true\",\"AttributeDataType\":\"String\",\"Required\":\"true\",\"Name\":\"address\"}],\"AutoVerifiedAttributes\":[\"email\"],\"UsernameAttributes\":[\"email\"],\"UserPoolName\":\"kash5-Kashishop\"}"
        },
        {
            "StackId": "arn:aws:cloudformation:us-east-1:550295503037:stack/kash5-kashishop-core/092d3980-409c-11f0-ac51-0afffb57140d",
            "EventId": "FrontendBucket-DELETE_SKIPPED-2025-06-03T16:59:10.695Z",
            "StackName": "kash5-kashishop-core",
            "LogicalResourceId": "FrontendBucket",
            "PhysicalResourceId": "kash5-kashishop-frontend",
            "ResourceType": "AWS::S3::Bucket",
            "Timestamp": "2025-06-03T16:59:10.695000+00:00",
            "ResourceStatus": "DELETE_SKIPPED",
            "ResourceProperties": "{\"BucketName\":\"kash5-kashishop-frontend\",\"WebsiteConfiguration\":{\"IndexDocument\":\"index.html\",\"ErrorDocument\":\"error.html\"},\"AccessControl\":\"PublicRead\"}"
        },
        {
            "StackId": "arn:aws:cloudformation:us-east-1:550295503037:stack/kash5-kashishop-core/092d3980-409c-11f0-ac51-0afffb57140d",
            "EventId": "UsersTable-DELETE_SKIPPED-2025-06-03T16:59:10.645Z",
            "StackName": "kash5-kashishop-core",
            "LogicalResourceId": "UsersTable",
            "PhysicalResourceId": "",
            "ResourceType": "AWS::DynamoDB::Table",
            "Timestamp": "2025-06-03T16:59:10.645000+00:00",
            "ResourceStatus": "DELETE_SKIPPED",
            "ResourceProperties": "{\"TableName\":\"kash5-Users\",\"SSESpecification\":{\"SSEEnabled\":\"true\"},\"AttributeDefinitions\":[{\"AttributeType\":\"S\",\"AttributeName\":\"username\"},{\"AttributeType\":\"S\",\"AttributeName\":\"userID\"}],\"BillingMode\":\"PAY_PER_REQUEST\",\"KeySchema\":[{\"KeyType\":\"HASH\",\"AttributeName\":\"username\"}]}"
        },
        {
            "StackId": "arn:aws:cloudformation:us-east-1:550295503037:stack/kash5-kashishop-core/092d3980-409c-11f0-ac51-0afffb57140d",
            "EventId": "ItemsTable-DELETE_SKIPPED-2025-06-03T16:59:10.636Z",
            "StackName": "kash5-kashishop-core",
            "LogicalResourceId": "ItemsTable",
            "PhysicalResourceId": "kash5-Items",
            "ResourceType": "AWS::DynamoDB::Table",
            "Timestamp": "2025-06-03T16:59:10.636000+00:00",
            "ResourceStatus": "DELETE_SKIPPED",
            "ResourceProperties": "{\"TableName\":\"kash5-Items\",\"SSESpecification\":{\"SSEEnabled\":\"true\"},\"AttributeDefinitions\":[{\"AttributeType\":\"S\",\"AttributeName\":\"itemID\"},{\"AttributeType\":\"S\",\"AttributeName\":\"seller\"},{\"AttributeType\":\"S\",\"AttributeName\":\"creationDate\"}],\"BillingMode\":\"PAY_PER_REQUEST\",\"GlobalSecondaryIndexes\":[{\"IndexName\":\"seller-creationDate-index\",\"Projection\":{\"ProjectionType\":\"ALL\"},\"KeySchema\":[{\"KeyType\":\"HASH\",\"AttributeName\":\"seller\"},{\"KeyType\":\"RANGE\",\"AttributeName\":\"creationDate\"}]}],\"KeySchema\":[{\"KeyType\":\"HASH\",\"AttributeName\":\"itemID\"}]}"
        },
        {
            "StackId": "arn:aws:cloudformation:us-east-1:550295503037:stack/kash5-kashishop-core/092d3980-409c-11f0-ac51-0afffb57140d",
            "EventId": "TransactionHistoryTable-DELETE_SKIPPED-2025-06-03T16:59:10.568Z",
            "StackName": "kash5-kashishop-core",
            "LogicalResourceId": "TransactionHistoryTable",
            "PhysicalResourceId": "kash5-TransactionHistory",
            "ResourceType": "AWS::DynamoDB::Table",
            "Timestamp": "2025-06-03T16:59:10.568000+00:00",
            "ResourceStatus": "DELETE_SKIPPED",
            "ResourceProperties": "{\"TableName\":\"kash5-TransactionHistory\",\"SSESpecification\":{\"SSEEnabled\":\"true\"},\"AttributeDefinitions\":[{\"AttributeType\":\"S\",\"AttributeName\":\"transactionID\"},{\"AttributeType\":\"S\",\"AttributeName\":\"buyerID\"},{\"AttributeType\":\"S\",\"AttributeName\":\"sellerID\"}],\"BillingMode\":\"PAY_PER_REQUEST\",\"GlobalSecondaryIndexes\":[{\"IndexName\":\"buyerID-index\",\"Projection\":{\"ProjectionType\":\"ALL\"},\"KeySchema\":[{\"KeyType\":\"HASH\",\"AttributeName\":\"buyerID\"}]},{\"IndexName\":\"sellerID-index\",\"Projection\":{\"ProjectionType\":\"ALL\"},\"KeySchema\":[{\"KeyType\":\"HASH\",\"AttributeName\":\"sellerID\"}]}],\"KeySchema\":[{\"KeyType\":\"HASH\",\"AttributeName\":\"transactionID\"}]}"
        },
        {
            "StackId": "arn:aws:cloudformation:us-east-1:550295503037:stack/kash5-kashishop-core/092d3980-409c-11f0-ac51-0afffb57140d",
            "EventId": "CognitoUserPool-DELETE_IN_PROGRESS-2025-06-03T16:59:10.406Z",
            "StackName": "kash5-kashishop-core",
            "LogicalResourceId": "CognitoUserPool",
            "PhysicalResourceId": "us-east-1_5NBJ0TjaY",
            "ResourceType": "AWS::Cognito::UserPool",
            "Timestamp": "2025-06-03T16:59:10.406000+00:00",
            "ResourceStatus": "DELETE_IN_PROGRESS",
            "ResourceProperties": "{\"UserPoolTags\":{},\"Policies\":{\"PasswordPolicy\":{\"RequireNumbers\":\"true\",\"MinimumLength\":\"8\",\"TemporaryPasswordValidityDays\":\"7\",\"RequireUppercase\":\"true\",\"RequireLowercase\":\"true\",\"RequireSymbols\":\"true\"}},\"MfaConfiguration\":\"OFF\",\"Schema\":[{\"Mutable\":\"false\",\"AttributeDataType\":\"String\",\"Required\":\"true\",\"Name\":\"sub\"},{\"Mutable\":\"true\",\"AttributeDataType\":\"String\",\"Required\":\"true\",\"Name\":\"email\"},{\"Mutable\":\"true\",\"AttributeDataType\":\"String\",\"Required\":\"true\",\"Name\":\"phone_number\"},{\"Mutable\":\"true\",\"AttributeDataType\":\"String\",\"Required\":\"true\",\"Name\":\"address\"}],\"AutoVerifiedAttributes\":[\"email\"],\"UsernameAttributes\":[\"email\"],\"UserPoolName\":\"kash5-Kashishop\"}"
        },
        {
            "StackId": "arn:aws:cloudformation:us-east-1:550295503037:stack/kash5-kashishop-core/092d3980-409c-11f0-ac51-0afffb57140d",
            "EventId": "10711e50-409c-11f0-b68d-0e7feb9c4c67",
            "StackName": "kash5-kashishop-core",
            "LogicalResourceId": "kash5-kashishop-core",
            "PhysicalResourceId": "arn:aws:cloudformation:us-east-1:550295503037:stack/kash5-kashishop-core/092d3980-409c-11f0-ac51-0afffb57140d",
            "ResourceType": "AWS::CloudFormation::Stack",
            "Timestamp": "2025-06-03T16:59:08.331000+00:00",
            "ResourceStatus": "ROLLBACK_IN_PROGRESS",
            "ResourceStatusReason": "The following resource(s) failed to create: [ItemsTable, UsersTable, TransactionHistoryTable, CognitoUserPool, FrontendBucket]. Rollback requested by user."
        },
        {
            "StackId": "arn:aws:cloudformation:us-east-1:550295503037:stack/kash5-kashishop-core/092d3980-409c-11f0-ac51-0afffb57140d",
            "EventId": "CognitoUserPool-CREATE_FAILED-2025-06-03T16:59:07.957Z",
            "StackName": "kash5-kashishop-core",
            "LogicalResourceId": "CognitoUserPool",
            "PhysicalResourceId": "us-east-1_5NBJ0TjaY",
            "ResourceType": "AWS::Cognito::UserPool",
            "Timestamp": "2025-06-03T16:59:07.957000+00:00",
            "ResourceStatus": "CREATE_FAILED",
            "ResourceStatusReason": "Resource creation cancelled",
            "ResourceProperties": "{\"UserPoolTags\":{},\"Policies\":{\"PasswordPolicy\":{\"RequireNumbers\":\"true\",\"MinimumLength\":\"8\",\"TemporaryPasswordValidityDays\":\"7\",\"RequireUppercase\":\"true\",\"RequireLowercase\":\"true\",\"RequireSymbols\":\"true\"}},\"MfaConfiguration\":\"OFF\",\"Schema\":[{\"Mutable\":\"false\",\"AttributeDataType\":\"String\",\"Required\":\"true\",\"Name\":\"sub\"},{\"Mutable\":\"true\",\"AttributeDataType\":\"String\",\"Required\":\"true\",\"Name\":\"email\"},{\"Mutable\":\"true\",\"AttributeDataType\":\"String\",\"Required\":\"true\",\"Name\":\"phone_number\"},{\"Mutable\":\"true\",\"AttributeDataType\":\"String\",\"Required\":\"true\",\"Name\":\"address\"}],\"AutoVerifiedAttributes\":[\"email\"],\"UsernameAttributes\":[\"email\"],\"UserPoolName\":\"kash5-Kashishop\"}"
        },
        {
            "StackId": "arn:aws:cloudformation:us-east-1:550295503037:stack/kash5-kashishop-core/092d3980-409c-11f0-ac51-0afffb57140d",
            "EventId": "TransactionHistoryTable-CREATE_FAILED-2025-06-03T16:59:07.510Z",
            "StackName": "kash5-kashishop-core",
            "LogicalResourceId": "TransactionHistoryTable",
            "PhysicalResourceId": "kash5-TransactionHistory",
            "ResourceType": "AWS::DynamoDB::Table",
            "Timestamp": "2025-06-03T16:59:07.510000+00:00",
            "ResourceStatus": "CREATE_FAILED",
            "ResourceStatusReason": "Resource creation cancelled",
            "ResourceProperties": "{\"TableName\":\"kash5-TransactionHistory\",\"SSESpecification\":{\"SSEEnabled\":\"true\"},\"AttributeDefinitions\":[{\"AttributeType\":\"S\",\"AttributeName\":\"transactionID\"},{\"AttributeType\":\"S\",\"AttributeName\":\"buyerID\"},{\"AttributeType\":\"S\",\"AttributeName\":\"sellerID\"}],\"BillingMode\":\"PAY_PER_REQUEST\",\"GlobalSecondaryIndexes\":[{\"IndexName\":\"buyerID-index\",\"Projection\":{\"ProjectionType\":\"ALL\"},\"KeySchema\":[{\"KeyType\":\"HASH\",\"AttributeName\":\"buyerID\"}]},{\"IndexName\":\"sellerID-index\",\"Projection\":{\"ProjectionType\":\"ALL\"},\"KeySchema\":[{\"KeyType\":\"HASH\",\"AttributeName\":\"sellerID\"}]}],\"KeySchema\":[{\"KeyType\":\"HASH\",\"AttributeName\":\"transactionID\"}]}"
        },
        {
            "StackId": "arn:aws:cloudformation:us-east-1:550295503037:stack/kash5-kashishop-core/092d3980-409c-11f0-ac51-0afffb57140d",
            "EventId": "FrontendBucket-CREATE_FAILED-2025-06-03T16:59:07.324Z",
            "StackName": "kash5-kashishop-core",
            "LogicalResourceId": "FrontendBucket",
            "PhysicalResourceId": "kash5-kashishop-frontend",
            "ResourceType": "AWS::S3::Bucket",
            "Timestamp": "2025-06-03T16:59:07.324000+00:00",
            "ResourceStatus": "CREATE_FAILED",
            "ResourceStatusReason": "Resource creation cancelled",
            "ResourceProperties": "{\"BucketName\":\"kash5-kashishop-frontend\",\"WebsiteConfiguration\":{\"IndexDocument\":\"index.html\",\"ErrorDocument\":\"error.html\"},\"AccessControl\":\"PublicRead\"}"
        },
        {
            "StackId": "arn:aws:cloudformation:us-east-1:550295503037:stack/kash5-kashishop-core/092d3980-409c-11f0-ac51-0afffb57140d",
            "EventId": "ItemsTable-CREATE_FAILED-2025-06-03T16:59:07.244Z",
            "StackName": "kash5-kashishop-core",
            "LogicalResourceId": "ItemsTable",
            "PhysicalResourceId": "kash5-Items",
            "ResourceType": "AWS::DynamoDB::Table",
            "Timestamp": "2025-06-03T16:59:07.244000+00:00",
            "ResourceStatus": "CREATE_FAILED",
            "ResourceStatusReason": "Resource creation cancelled",
            "ResourceProperties": "{\"TableName\":\"kash5-Items\",\"SSESpecification\":{\"SSEEnabled\":\"true\"},\"AttributeDefinitions\":[{\"AttributeType\":\"S\",\"AttributeName\":\"itemID\"},{\"AttributeType\":\"S\",\"AttributeName\":\"seller\"},{\"AttributeType\":\"S\",\"AttributeName\":\"creationDate\"}],\"BillingMode\":\"PAY_PER_REQUEST\",\"GlobalSecondaryIndexes\":[{\"IndexName\":\"seller-creationDate-index\",\"Projection\":{\"ProjectionType\":\"ALL\"},\"KeySchema\":[{\"KeyType\":\"HASH\",\"AttributeName\":\"seller\"},{\"KeyType\":\"RANGE\",\"AttributeName\":\"creationDate\"}]}],\"KeySchema\":[{\"KeyType\":\"HASH\",\"AttributeName\":\"itemID\"}]}"
        },
        {
            "StackId": "arn:aws:cloudformation:us-east-1:550295503037:stack/kash5-kashishop-core/092d3980-409c-11f0-ac51-0afffb57140d",
            "EventId": "ItemsTable-CREATE_IN_PROGRESS-2025-06-03T16:59:07.054Z",
            "StackName": "kash5-kashishop-core",
            "LogicalResourceId": "ItemsTable",
            "PhysicalResourceId": "kash5-Items",
            "ResourceType": "AWS::DynamoDB::Table",
            "Timestamp": "2025-06-03T16:59:07.054000+00:00",
            "ResourceStatus": "CREATE_IN_PROGRESS",
            "ResourceStatusReason": "Resource creation Initiated",
            "ResourceProperties": "{\"TableName\":\"kash5-Items\",\"SSESpecification\":{\"SSEEnabled\":\"true\"},\"AttributeDefinitions\":[{\"AttributeType\":\"S\",\"AttributeName\":\"itemID\"},{\"AttributeType\":\"S\",\"AttributeName\":\"seller\"},{\"AttributeType\":\"S\",\"AttributeName\":\"creationDate\"}],\"BillingMode\":\"PAY_PER_REQUEST\",\"GlobalSecondaryIndexes\":[{\"IndexName\":\"seller-creationDate-index\",\"Projection\":{\"ProjectionType\":\"ALL\"},\"KeySchema\":[{\"KeyType\":\"HASH\",\"AttributeName\":\"seller\"},{\"KeyType\":\"RANGE\",\"AttributeName\":\"creationDate\"}]}],\"KeySchema\":[{\"KeyType\":\"HASH\",\"AttributeName\":\"itemID\"}]}"
        },
        {
            "StackId": "arn:aws:cloudformation:us-east-1:550295503037:stack/kash5-kashishop-core/092d3980-409c-11f0-ac51-0afffb57140d",
            "EventId": "FrontendBucket-CREATE_IN_PROGRESS-2025-06-03T16:59:06.938Z",
            "StackName": "kash5-kashishop-core",
            "LogicalResourceId": "FrontendBucket",
            "PhysicalResourceId": "kash5-kashishop-frontend",
            "ResourceType": "AWS::S3::Bucket",
            "Timestamp": "2025-06-03T16:59:06.938000+00:00",
            "ResourceStatus": "CREATE_IN_PROGRESS",
            "ResourceStatusReason": "Resource creation Initiated",
            "ResourceProperties": "{\"BucketName\":\"kash5-kashishop-frontend\",\"WebsiteConfiguration\":{\"IndexDocument\":\"index.html\",\"ErrorDocument\":\"error.html\"},\"AccessControl\":\"PublicRead\"}"
        },
        {
            "StackId": "arn:aws:cloudformation:us-east-1:550295503037:stack/kash5-kashishop-core/092d3980-409c-11f0-ac51-0afffb57140d",
            "EventId": "UsersTable-CREATE_FAILED-2025-06-03T16:59:06.935Z",
            "StackName": "kash5-kashishop-core",
            "LogicalResourceId": "UsersTable",
            "PhysicalResourceId": "",
            "ResourceType": "AWS::DynamoDB::Table",
            "Timestamp": "2025-06-03T16:59:06.935000+00:00",
            "ResourceStatus": "CREATE_FAILED",
            "ResourceStatusReason": "Resource handler returned message: \"Number of attributes in KeySchema does not exactly match number of attributes defined in AttributeDefinitions\" (RequestToken: eece8944-c4fb-5ab6-62b8-58b976e39df0, HandlerErrorCode: InvalidRequest)",
            "ResourceProperties": "{\"TableName\":\"kash5-Users\",\"SSESpecification\":{\"SSEEnabled\":\"true\"},\"AttributeDefinitions\":[{\"AttributeType\":\"S\",\"AttributeName\":\"username\"},{\"AttributeType\":\"S\",\"AttributeName\":\"userID\"}],\"BillingMode\":\"PAY_PER_REQUEST\",\"KeySchema\":[{\"KeyType\":\"HASH\",\"AttributeName\":\"username\"}]}"
        },
        {
            "StackId": "arn:aws:cloudformation:us-east-1:550295503037:stack/kash5-kashishop-core/092d3980-409c-11f0-ac51-0afffb57140d",
            "EventId": "TransactionHistoryTable-CREATE_IN_PROGRESS-2025-06-03T16:59:06.920Z",
            "StackName": "kash5-kashishop-core",
            "LogicalResourceId": "TransactionHistoryTable",
            "PhysicalResourceId": "kash5-TransactionHistory",
            "ResourceType": "AWS::DynamoDB::Table",
            "Timestamp": "2025-06-03T16:59:06.920000+00:00",
            "ResourceStatus": "CREATE_IN_PROGRESS",
            "ResourceStatusReason": "Resource creation Initiated",
            "ResourceProperties": "{\"TableName\":\"kash5-TransactionHistory\",\"SSESpecification\":{\"SSEEnabled\":\"true\"},\"AttributeDefinitions\":[{\"AttributeType\":\"S\",\"AttributeName\":\"transactionID\"},{\"AttributeType\":\"S\",\"AttributeName\":\"buyerID\"},{\"AttributeType\":\"S\",\"AttributeName\":\"sellerID\"}],\"BillingMode\":\"PAY_PER_REQUEST\",\"GlobalSecondaryIndexes\":[{\"IndexName\":\"buyerID-index\",\"Projection\":{\"ProjectionType\":\"ALL\"},\"KeySchema\":[{\"KeyType\":\"HASH\",\"AttributeName\":\"buyerID\"}]},{\"IndexName\":\"sellerID-index\",\"Projection\":{\"ProjectionType\":\"ALL\"},\"KeySchema\":[{\"KeyType\":\"HASH\",\"AttributeName\":\"sellerID\"}]}],\"KeySchema\":[{\"KeyType\":\"HASH\",\"AttributeName\":\"transactionID\"}]}"
        },
        {
            "StackId": "arn:aws:cloudformation:us-east-1:550295503037:stack/kash5-kashishop-core/092d3980-409c-11f0-ac51-0afffb57140d",
            "EventId": "CognitoUserPool-CREATE_IN_PROGRESS-2025-06-03T16:59:05.656Z",
            "StackName": "kash5-kashishop-core",
            "LogicalResourceId": "CognitoUserPool",
            "PhysicalResourceId": "",
            "ResourceType": "AWS::Cognito::UserPool",
            "Timestamp": "2025-06-03T16:59:05.656000+00:00",
            "ResourceStatus": "CREATE_IN_PROGRESS",
            "ResourceProperties": "{\"UserPoolTags\":{},\"Policies\":{\"PasswordPolicy\":{\"RequireNumbers\":\"true\",\"MinimumLength\":\"8\",\"TemporaryPasswordValidityDays\":\"7\",\"RequireUppercase\":\"true\",\"RequireLowercase\":\"true\",\"RequireSymbols\":\"true\"}},\"MfaConfiguration\":\"OFF\",\"Schema\":[{\"Mutable\":\"false\",\"AttributeDataType\":\"String\",\"Required\":\"true\",\"Name\":\"sub\"},{\"Mutable\":\"true\",\"AttributeDataType\":\"String\",\"Required\":\"true\",\"Name\":\"email\"},{\"Mutable\":\"true\",\"AttributeDataType\":\"String\",\"Required\":\"true\",\"Name\":\"phone_number\"},{\"Mutable\":\"true\",\"AttributeDataType\":\"String\",\"Required\":\"true\",\"Name\":\"address\"}],\"AutoVerifiedAttributes\":[\"email\"],\"UsernameAttributes\":[\"email\"],\"UserPoolName\":\"kash5-Kashishop\"}"
        },
        {
            "StackId": "arn:aws:cloudformation:us-east-1:550295503037:stack/kash5-kashishop-core/092d3980-409c-11f0-ac51-0afffb57140d",
            "EventId": "UsersTable-CREATE_IN_PROGRESS-2025-06-03T16:59:05.637Z",
            "StackName": "kash5-kashishop-core",
            "LogicalResourceId": "UsersTable",
            "PhysicalResourceId": "",
            "ResourceType": "AWS::DynamoDB::Table",
            "Timestamp": "2025-06-03T16:59:05.637000+00:00",
            "ResourceStatus": "CREATE_IN_PROGRESS",
            "ResourceProperties": "{\"TableName\":\"kash5-Users\",\"SSESpecification\":{\"SSEEnabled\":\"true\"},\"AttributeDefinitions\":[{\"AttributeType\":\"S\",\"AttributeName\":\"username\"},{\"AttributeType\":\"S\",\"AttributeName\":\"userID\"}],\"BillingMode\":\"PAY_PER_REQUEST\",\"KeySchema\":[{\"KeyType\":\"HASH\",\"AttributeName\":\"username\"}]}"
        },
        {
            "StackId": "arn:aws:cloudformation:us-east-1:550295503037:stack/kash5-kashishop-core/092d3980-409c-11f0-ac51-0afffb57140d",
            "EventId": "ItemsTable-CREATE_IN_PROGRESS-2025-06-03T16:59:05.636Z",
            "StackName": "kash5-kashishop-core",
            "LogicalResourceId": "ItemsTable",
            "PhysicalResourceId": "",
            "ResourceType": "AWS::DynamoDB::Table",
            "Timestamp": "2025-06-03T16:59:05.636000+00:00",
            "ResourceStatus": "CREATE_IN_PROGRESS",
            "ResourceProperties": "{\"TableName\":\"kash5-Items\",\"SSESpecification\":{\"SSEEnabled\":\"true\"},\"AttributeDefinitions\":[{\"AttributeType\":\"S\",\"AttributeName\":\"itemID\"},{\"AttributeType\":\"S\",\"AttributeName\":\"seller\"},{\"AttributeType\":\"S\",\"AttributeName\":\"creationDate\"}],\"BillingMode\":\"PAY_PER_REQUEST\",\"GlobalSecondaryIndexes\":[{\"IndexName\":\"seller-creationDate-index\",\"Projection\":{\"ProjectionType\":\"ALL\"},\"KeySchema\":[{\"KeyType\":\"HASH\",\"AttributeName\":\"seller\"},{\"KeyType\":\"RANGE\",\"AttributeName\":\"creationDate\"}]}],\"KeySchema\":[{\"KeyType\":\"HASH\",\"AttributeName\":\"itemID\"}]}"
        },
        {
            "StackId": "arn:aws:cloudformation:us-east-1:550295503037:stack/kash5-kashishop-core/092d3980-409c-11f0-ac51-0afffb57140d",
            "EventId": "TransactionHistoryTable-CREATE_IN_PROGRESS-2025-06-03T16:59:05.617Z",
            "StackName": "kash5-kashishop-core",
            "LogicalResourceId": "TransactionHistoryTable",
            "PhysicalResourceId": "",
            "ResourceType": "AWS::DynamoDB::Table",
            "Timestamp": "2025-06-03T16:59:05.617000+00:00",
            "ResourceStatus": "CREATE_IN_PROGRESS",
            "ResourceProperties": "{\"TableName\":\"kash5-TransactionHistory\",\"SSESpecification\":{\"SSEEnabled\":\"true\"},\"AttributeDefinitions\":[{\"AttributeType\":\"S\",\"AttributeName\":\"transactionID\"},{\"AttributeType\":\"S\",\"AttributeName\":\"buyerID\"},{\"AttributeType\":\"S\",\"AttributeName\":\"sellerID\"}],\"BillingMode\":\"PAY_PER_REQUEST\",\"GlobalSecondaryIndexes\":[{\"IndexName\":\"buyerID-index\",\"Projection\":{\"ProjectionType\":\"ALL\"},\"KeySchema\":[{\"KeyType\":\"HASH\",\"AttributeName\":\"buyerID\"}]},{\"IndexName\":\"sellerID-index\",\"Projection\":{\"ProjectionType\":\"ALL\"},\"KeySchema\":[{\"KeyType\":\"HASH\",\"AttributeName\":\"sellerID\"}]}],\"KeySchema\":[{\"KeyType\":\"HASH\",\"AttributeName\":\"transactionID\"}]}"
        },
        {
            "StackId": "arn:aws:cloudformation:us-east-1:550295503037:stack/kash5-kashishop-core/092d3980-409c-11f0-ac51-0afffb57140d",
            "EventId": "FrontendBucket-CREATE_IN_PROGRESS-2025-06-03T16:59:05.615Z",
            "StackName": "kash5-kashishop-core",
            "LogicalResourceId": "FrontendBucket",
            "PhysicalResourceId": "",
            "ResourceType": "AWS::S3::Bucket",
            "Timestamp": "2025-06-03T16:59:05.615000+00:00",
            "ResourceStatus": "CREATE_IN_PROGRESS",
            "ResourceProperties": "{\"BucketName\":\"kash5-kashishop-frontend\",\"WebsiteConfiguration\":{\"IndexDocument\":\"index.html\",\"ErrorDocument\":\"error.html\"},\"AccessControl\":\"PublicRead\"}"
        },
        {
            "StackId": "arn:aws:cloudformation:us-east-1:550295503037:stack/kash5-kashishop-core/092d3980-409c-11f0-ac51-0afffb57140d",
            "EventId": "0d1f0d20-409c-11f0-9d56-0affd8c950cf",
            "StackName": "kash5-kashishop-core",
            "LogicalResourceId": "kash5-kashishop-core",
            "PhysicalResourceId": "arn:aws:cloudformation:us-east-1:550295503037:stack/kash5-kashishop-core/092d3980-409c-11f0-ac51-0afffb57140d",
            "ResourceType": "AWS::CloudFormation::Stack",
            "Timestamp": "2025-06-03T16:59:02.747000+00:00",
            "ResourceStatus": "CREATE_IN_PROGRESS",
            "ResourceStatusReason": "User Initiated"
        },
        {
            "StackId": "arn:aws:cloudformation:us-east-1:550295503037:stack/kash5-kashishop-core/092d3980-409c-11f0-ac51-0afffb57140d",
            "EventId": "092c9d40-409c-11f0-ac51-0afffb57140d",
            "StackName": "kash5-kashishop-core",
            "LogicalResourceId": "kash5-kashishop-core",
            "PhysicalResourceId": "arn:aws:cloudformation:us-east-1:550295503037:stack/kash5-kashishop-core/092d3980-409c-11f0-ac51-0afffb57140d",
            "ResourceType": "AWS::CloudFormation::Stack",
            "Timestamp": "2025-06-03T16:58:56.234000+00:00",
            "ResourceStatus": "REVIEW_IN_PROGRESS",
            "ResourceStatusReason": "User Initiated"
        }
    ]
}
